<?xml version="1.0" encoding="UTF-8"?>
<testsuite xmlns:xsi="http://www.w3.org/2001/XMLSchema-instance" xsi:noNamespaceSchemaLocation="https://maven.apache.org/surefire/maven-surefire-plugin/xsd/surefire-test-report-3.0.xsd" version="3.0" name="com.epam.store.dao.TestAccountDAO" time="1.018" tests="4" errors="0" skipped="0" failures="0">
  <properties>
[...]
</properties>
  <testcase name="testFindAll" classname="com.epam.store.dao.TestAccountDAO" time="0.091"/>
  <testcase name="testSave" classname="com.epam.store.dao.TestAccountDAO" time="0.059"/>
  <testcase name="testFindById" classname="com.epam.store.dao.TestAccountDAO" time="0.052"/>
  <testcase name="testDeleteById" classname="com.epam.store.dao.TestAccountDAO" time="0.063"/>
</testsuite>