<?xml version="1.0" encoding="UTF-8"?>
<testsuite xmlns:xsi="http://www.w3.org/2001/XMLSchema-instance" xsi:noNamespaceSchemaLocation="https://maven.apache.org/surefire/maven-surefire-plugin/xsd/surefire-test-report-3.0.xsd" version="3.0" name="com.epam.izh.rd.online.DateServiceTest" time="0.219" tests="5" errors="1" skipped="0" failures="1">
  <properties>
[...]
</properties>
  <testcase name="testParseString" classname="com.epam.izh.rd.online.DateServiceTest" time="0.03"/>
  <testcase name="testParseDate" classname="com.epam.izh.rd.online.DateServiceTest" time="0"/>
  <testcase name="testGetSecondsInYear" classname="com.epam.izh.rd.online.DateServiceTest" time="0.01"/>
  <testcase name="testConvertToAnotherFormat" classname="com.epam.izh.rd.online.DateServiceTest" time="0.03">
    <error type="java.lang.StackOverflowError">java.lang.StackOverflowError
	at com.epam.izh.rd.online.DateServiceTest.testConvertToAnotherFormat(DateServiceTest.java:53)
</error>
    <system-out><![CDATA[2020-06-19 14:48:13 INFO  DateServiceTest:51 - inside testConvertToAnotherFormat() method
]]></system-out>
    <system-err><![CDATA[2020-06-19 14:48:13 INFO  DateServiceTest:51 - inside testConvertToAnotherFormat() method
]]></system-err>
  </testcase>
  <testcase name="testGetNextLeapYear" classname="com.epam.izh.rd.online.DateServiceTest" time="0.018">
    <failure message="For method invocation: dateService.getNextLeapYear() ==&gt; expected: &lt;2020&gt; but was: &lt;2024&gt;" type="org.opentest4j.AssertionFailedError"><![CDATA[org.opentest4j.AssertionFailedError: For method invocation: dateService.getNextLeapYear() ==> expected: <2020> but was: <2024>
	at com.epam.izh.rd.online.DateServiceTest.testGetNextLeapYear(DateServiceTest.java:65)
]]></failure>
    <system-out><![CDATA[2020-06-19 14:48:13 INFO  DateServiceTest:60 - inside testGetNextLeapYear() method
]]></system-out>
    <system-err><![CDATA[2020-06-19 14:48:13 INFO  DateServiceTest:60 - inside testGetNextLeapYear() method
]]></system-err>
  </testcase>
</testsuite>