<?xml version="1.0" encoding="UTF-8"?>
<testsuite xmlns:xsi="http://www.w3.org/2001/XMLSchema-instance" xsi:noNamespaceSchemaLocation="https://maven.apache.org/surefire/maven-surefire-plugin/xsd/surefire-test-report-3.0.xsd" version="3.0" name="com.epam.store.dao.TestAccountDAO" time="0.748" tests="4" errors="2" skipped="0" failures="2">
  <properties>
[...]
</properties>
  <testcase name="testFindAll" classname="com.epam.store.dao.TestAccountDAO" time="0.116">
    <error type="java.lang.IndexOutOfBoundsException"><![CDATA[java.lang.IndexOutOfBoundsException: Index: 3, Size: 3
	at com.epam.store.dao.TestAccountDAO.testFindAll(TestAccountDAO.java:73)
]]></error>
    <system-out><![CDATA[2020-06-19 14:50:28 INFO  DefaultTestContextBootstrapper:248 - Loaded default TestExecutionListener class names from location [META-INF/spring.factories]: [org.springframework.test.context.web.ServletTestExecutionListener, org.springframework.test.context.support.DirtiesContextBeforeModesTestExecutionListener, org.springframework.test.context.support.DependencyInjectionTestExecutionListener, org.springframework.test.context.support.DirtiesContextTestExecutionListener, org.springframework.test.context.transaction.TransactionalTestExecutionListener, org.springframework.test.context.jdbc.SqlScriptsTestExecutionListener, org.springframework.test.context.event.EventPublishingTestExecutionListener]
2020-06-19 14:50:28 INFO  DefaultTestContextBootstrapper:177 - Using TestExecutionListeners: [org.springframework.test.context.web.ServletTestExecutionListener@6cb662e8, org.springframework.test.context.support.DirtiesContextBeforeModesTestExecutionListener@13f2d42c, org.springframework.test.context.support.DependencyInjectionTestExecutionListener@1071ae7c, org.springframework.test.context.support.DirtiesContextTestExecutionListener@dd9de63, org.springframework.test.context.transaction.TransactionalTestExecutionListener@52a75c12, org.springframework.test.context.jdbc.SqlScriptsTestExecutionListener@57f1a1de, org.springframework.test.context.event.EventPublishingTestExecutionListener@4a6ef712]
2020-06-19 14:50:28 INFO  LogHelper:31 - HHH000204: Processing PersistenceUnitInfo [name: default]
2020-06-19 14:50:28 WARN  pooling:72 - HHH10001002: Using Hibernate built-in connection pool (not for production use!)
2020-06-19 14:50:28 INFO  pooling:115 - HHH10001005: using driver [org.h2.Driver] at URL [jdbc:h2:mem:testdb;MODE=MYSQL]
2020-06-19 14:50:28 INFO  pooling:124 - HHH10001001: Connection properties: {handling_mode=DELAYED_ACQUISITION_AND_HOLD, user=sa, password=****}
2020-06-19 14:50:28 INFO  pooling:129 - HHH10001003: Autocommit mode: false
2020-06-19 14:50:28 INFO  DriverManagerConnectionProviderImpl:249 - HHH000115: Hibernate connection pool size: 20 (min=1)
2020-06-19 14:50:28 INFO  Dialect:172 - HHH000400: Using dialect: org.hibernate.dialect.MySQL8Dialect
2020-06-19 14:50:28 INFO  JtaPlatformInitiator:52 - HHH000490: Using JtaPlatform implementation: [org.hibernate.engine.transaction.jta.platform.internal.NoJtaPlatform]
2020-06-19 14:50:28 INFO  LocalContainerEntityManagerFactoryBean:416 - Initialized JPA EntityManagerFactory for persistence unit 'default'
Hibernate: select account0_.id as id1_0_, account0_.amount as amount2_0_, account0_.user_id as user_id3_0_ from accounts account0_
Hibernate: select user0_.id as id1_5_0_, user0_.first_name as first_na2_5_0_, user0_.last_name as last_nam3_5_0_, account1_.id as id1_0_1_, account1_.amount as amount2_0_1_, account1_.user_id as user_id3_0_1_ from users user0_ left outer join accounts account1_ on user0_.id=account1_.user_id where user0_.id=?
Hibernate: select account0_.id as id1_0_1_, account0_.amount as amount2_0_1_, account0_.user_id as user_id3_0_1_, user1_.id as id1_5_0_, user1_.first_name as first_na2_5_0_, user1_.last_name as last_nam3_5_0_ from accounts account0_ inner join users user1_ on account0_.user_id=user1_.id where account0_.user_id=?
Hibernate: select user0_.id as id1_5_0_, user0_.first_name as first_na2_5_0_, user0_.last_name as last_nam3_5_0_, account1_.id as id1_0_1_, account1_.amount as amount2_0_1_, account1_.user_id as user_id3_0_1_ from users user0_ left outer join accounts account1_ on user0_.id=account1_.user_id where user0_.id=?
Hibernate: select account0_.id as id1_0_1_, account0_.amount as amount2_0_1_, account0_.user_id as user_id3_0_1_, user1_.id as id1_5_0_, user1_.first_name as first_na2_5_0_, user1_.last_name as last_nam3_5_0_ from accounts account0_ inner join users user1_ on account0_.user_id=user1_.id where account0_.user_id=?
Hibernate: select user0_.id as id1_5_0_, user0_.first_name as first_na2_5_0_, user0_.last_name as last_nam3_5_0_, account1_.id as id1_0_1_, account1_.amount as amount2_0_1_, account1_.user_id as user_id3_0_1_ from users user0_ left outer join accounts account1_ on user0_.id=account1_.user_id where user0_.id=?
Hibernate: select user0_.id as id1_5_1_, user0_.first_name as first_na2_5_1_, user0_.last_name as last_nam3_5_1_, account1_.id as id1_0_0_, account1_.amount as amount2_0_0_, account1_.user_id as user_id3_0_0_ from users user0_ left outer join accounts account1_ on user0_.id=account1_.user_id where user0_.id=?
Hibernate: insert into accounts (amount, user_id) values (?, ?)
Hibernate: select account0_.id as id1_0_, account0_.amount as amount2_0_, account0_.user_id as user_id3_0_ from accounts account0_
Hibernate: select user0_.id as id1_5_0_, user0_.first_name as first_na2_5_0_, user0_.last_name as last_nam3_5_0_, account1_.id as id1_0_1_, account1_.amount as amount2_0_1_, account1_.user_id as user_id3_0_1_ from users user0_ left outer join accounts account1_ on user0_.id=account1_.user_id where user0_.id=?
Hibernate: select account0_.id as id1_0_1_, account0_.amount as amount2_0_1_, account0_.user_id as user_id3_0_1_, user1_.id as id1_5_0_, user1_.first_name as first_na2_5_0_, user1_.last_name as last_nam3_5_0_ from accounts account0_ inner join users user1_ on account0_.user_id=user1_.id where account0_.user_id=?
Hibernate: select user0_.id as id1_5_0_, user0_.first_name as first_na2_5_0_, user0_.last_name as last_nam3_5_0_, account1_.id as id1_0_1_, account1_.amount as amount2_0_1_, account1_.user_id as user_id3_0_1_ from users user0_ left outer join accounts account1_ on user0_.id=account1_.user_id where user0_.id=?
Hibernate: select account0_.id as id1_0_1_, account0_.amount as amount2_0_1_, account0_.user_id as user_id3_0_1_, user1_.id as id1_5_0_, user1_.first_name as first_na2_5_0_, user1_.last_name as last_nam3_5_0_ from accounts account0_ inner join users user1_ on account0_.user_id=user1_.id where account0_.user_id=?
Hibernate: select user0_.id as id1_5_0_, user0_.first_name as first_na2_5_0_, user0_.last_name as last_nam3_5_0_, account1_.id as id1_0_1_, account1_.amount as amount2_0_1_, account1_.user_id as user_id3_0_1_ from users user0_ left outer join accounts account1_ on user0_.id=account1_.user_id where user0_.id=?
Hibernate: select account0_.id as id1_0_1_, account0_.amount as amount2_0_1_, account0_.user_id as user_id3_0_1_, user1_.id as id1_5_0_, user1_.first_name as first_na2_5_0_, user1_.last_name as last_nam3_5_0_ from accounts account0_ inner join users user1_ on account0_.user_id=user1_.id where account0_.user_id=?
]]></system-out>
  </testcase>
  <testcase name="testSave" classname="com.epam.store.dao.TestAccountDAO" time="0.069">
    <failure type="org.opentest4j.AssertionFailedError"><![CDATA[org.opentest4j.AssertionFailedError: expected: <76621.21> but was: <112000.45>
	at com.epam.store.dao.TestAccountDAO.testSave(TestAccountDAO.java:94)
]]></failure>
    <system-out><![CDATA[Hibernate: insert into users (first_name, last_name) values (?, ?)
Hibernate: insert into accounts (amount, user_id) values (?, ?)
Hibernate: select account0_.id as id1_0_0_, account0_.amount as amount2_0_0_, account0_.user_id as user_id3_0_0_, user1_.id as id1_5_1_, user1_.first_name as first_na2_5_1_, user1_.last_name as last_nam3_5_1_ from accounts account0_ inner join users user1_ on account0_.user_id=user1_.id where account0_.id=?
]]></system-out>
  </testcase>
  <testcase name="testFindById" classname="com.epam.store.dao.TestAccountDAO" time="0.062">
    <failure type="org.opentest4j.AssertionFailedError"><![CDATA[org.opentest4j.AssertionFailedError: expected: <24500.57> but was: <112000.45>
	at com.epam.store.dao.TestAccountDAO.testFindById(TestAccountDAO.java:81)
]]></failure>
    <system-out><![CDATA[Hibernate: select account0_.id as id1_0_0_, account0_.amount as amount2_0_0_, account0_.user_id as user_id3_0_0_, user1_.id as id1_5_1_, user1_.first_name as first_na2_5_1_, user1_.last_name as last_nam3_5_1_ from accounts account0_ inner join users user1_ on account0_.user_id=user1_.id where account0_.id=?
Hibernate: select account0_.id as id1_0_0_, account0_.amount as amount2_0_0_, account0_.user_id as user_id3_0_0_, user1_.id as id1_5_1_, user1_.first_name as first_na2_5_1_, user1_.last_name as last_nam3_5_1_ from accounts account0_ inner join users user1_ on account0_.user_id=user1_.id where account0_.id=?
Hibernate: select account0_.id as id1_0_0_, account0_.amount as amount2_0_0_, account0_.user_id as user_id3_0_0_, user1_.id as id1_5_1_, user1_.first_name as first_na2_5_1_, user1_.last_name as last_nam3_5_1_ from accounts account0_ inner join users user1_ on account0_.user_id=user1_.id where account0_.id=?
]]></system-out>
  </testcase>
  <testcase name="testDeleteById" classname="com.epam.store.dao.TestAccountDAO" time="0.054">
    <error type="java.util.NoSuchElementException"><![CDATA[java.util.NoSuchElementException: No value present
	at com.epam.store.dao.TestAccountDAO.testDeleteById(TestAccountDAO.java:104)
]]></error>
    <system-out><![CDATA[Hibernate: select account0_.id as id1_0_, account0_.amount as amount2_0_, account0_.user_id as user_id3_0_ from accounts account0_
Hibernate: select user0_.id as id1_5_0_, user0_.first_name as first_na2_5_0_, user0_.last_name as last_nam3_5_0_, account1_.id as id1_0_1_, account1_.amount as amount2_0_1_, account1_.user_id as user_id3_0_1_ from users user0_ left outer join accounts account1_ on user0_.id=account1_.user_id where user0_.id=?
Hibernate: select account0_.id as id1_0_1_, account0_.amount as amount2_0_1_, account0_.user_id as user_id3_0_1_, user1_.id as id1_5_0_, user1_.first_name as first_na2_5_0_, user1_.last_name as last_nam3_5_0_ from accounts account0_ inner join users user1_ on account0_.user_id=user1_.id where account0_.user_id=?
Hibernate: select user0_.id as id1_5_0_, user0_.first_name as first_na2_5_0_, user0_.last_name as last_nam3_5_0_, account1_.id as id1_0_1_, account1_.amount as amount2_0_1_, account1_.user_id as user_id3_0_1_ from users user0_ left outer join accounts account1_ on user0_.id=account1_.user_id where user0_.id=?
Hibernate: select account0_.id as id1_0_1_, account0_.amount as amount2_0_1_, account0_.user_id as user_id3_0_1_, user1_.id as id1_5_0_, user1_.first_name as first_na2_5_0_, user1_.last_name as last_nam3_5_0_ from accounts account0_ inner join users user1_ on account0_.user_id=user1_.id where account0_.user_id=?
Hibernate: delete from accounts where id=?
Hibernate: select account0_.id as id1_0_, account0_.amount as amount2_0_, account0_.user_id as user_id3_0_ from accounts account0_
Hibernate: select user0_.id as id1_5_0_, user0_.first_name as first_na2_5_0_, user0_.last_name as last_nam3_5_0_, account1_.id as id1_0_1_, account1_.amount as amount2_0_1_, account1_.user_id as user_id3_0_1_ from users user0_ left outer join accounts account1_ on user0_.id=account1_.user_id where user0_.id=?
Hibernate: select account0_.id as id1_0_1_, account0_.amount as amount2_0_1_, account0_.user_id as user_id3_0_1_, user1_.id as id1_5_0_, user1_.first_name as first_na2_5_0_, user1_.last_name as last_nam3_5_0_ from accounts account0_ inner join users user1_ on account0_.user_id=user1_.id where account0_.user_id=?
Hibernate: select account0_.id as id1_0_0_, account0_.amount as amount2_0_0_, account0_.user_id as user_id3_0_0_, user1_.id as id1_5_1_, user1_.first_name as first_na2_5_1_, user1_.last_name as last_nam3_5_1_ from accounts account0_ inner join users user1_ on account0_.user_id=user1_.id where account0_.id=?
]]></system-out>
  </testcase>
</testsuite>